<?xml version="1.0" encoding="UTF-8"?>
<testsuite xmlns:xsi="http://www.w3.org/2001/XMLSchema-instance" xsi:noNamespaceSchemaLocation="https://maven.apache.org/surefire/maven-surefire-plugin/xsd/surefire-test-report-3.0.xsd" version="3.0" name="com.jagrosh.jmusicbot.FairQueueTest" time="0.081" tests="2" errors="0" skipped="0" failures="0">
  <properties>
    <property name="java.specification.version" value="17"/>
    <property name="sun.cpu.isalist" value="amd64"/>
    <property name="sun.jnu.encoding" value="MS950"/>
    <property name="java.class.path" value="C:\Users\clps1\Documents\Orange-Dog\target\test-classes;C:\Users\clps1\Documents\Orange-Dog\target\classes;C:\Users\clps1\.m2\repository\net\dv8tion\JDA\4.4.1_353\JDA-4.4.1_353.jar;C:\Users\clps1\.m2\repository\com\google\code\findbugs\jsr305\3.0.2\jsr305-3.0.2.jar;C:\Users\clps1\.m2\repository\org\jetbrains\annotations\16.0.1\annotations-16.0.1.jar;C:\Users\clps1\.m2\repository\com\neovisionaries\nv-websocket-client\2.14\nv-websocket-client-2.14.jar;C:\Users\clps1\.m2\repository\com\squareup\okhttp3\okhttp\3.13.0\okhttp-3.13.0.jar;C:\Users\clps1\.m2\repository\com\squareup\okio\okio\1.17.2\okio-1.17.2.jar;C:\Users\clps1\.m2\repository\club\minnced\opus-java-api\1.1.0\opus-java-api-1.1.0.jar;C:\Users\clps1\.m2\repository\net\java\dev\jna\jna\4.4.0\jna-4.4.0.jar;C:\Users\clps1\.m2\repository\club\minnced\opus-java-natives\1.1.0\opus-java-natives-1.1.0.jar;C:\Users\clps1\.m2\repository\org\apache\commons\commons-collections4\4.1\commons-collections4-4.1.jar;C:\Users\clps1\.m2\repository\net\sf\trove4j\trove4j\3.0.3\trove4j-3.0.3.jar;C:\Users\clps1\.m2\repository\com\fasterxml\jackson\core\jackson-databind\2.10.1\jackson-databind-2.10.1.jar;C:\Users\clps1\.m2\repository\com\fasterxml\jackson\core\jackson-annotations\2.10.1\jackson-annotations-2.10.1.jar;C:\Users\clps1\.m2\repository\dev\arbjerg\lavaplayer\2.0.0\lavaplayer-2.0.0.jar;C:\Users\clps1\.m2\repository\dev\arbjerg\lava-common\2.0.0\lava-common-2.0.0.jar;C:\Users\clps1\.m2\repository\org\apache\httpcomponents\httpclient\4.5.14\httpclient-4.5.14.jar;C:\Users\clps1\.m2\repository\org\apache\httpcomponents\httpcore\4.4.16\httpcore-4.4.16.jar;C:\Users\clps1\.m2\repository\commons-logging\commons-logging\1.2\commons-logging-1.2.jar;C:\Users\clps1\.m2\repository\commons-codec\commons-codec\1.11\commons-codec-1.11.jar;C:\Users\clps1\.m2\repository\com\fasterxml\jackson\core\jackson-core\2.15.2\jackson-core-2.15.2.jar;C:\Users\clps1\.m2\repository\dev\arbjerg\lavaplayer-natives\2.0.0\lavaplayer-natives-2.0.0.jar;C:\Users\clps1\.m2\repository\com\github\walkyst\JAADec-fork\0.1.3\JAADec-fork-0.1.3.jar;C:\Users\clps1\.m2\repository\com\github\walkyst\JAADec-fork\jaadec-ext-aac\0.1.3\jaadec-ext-aac-0.1.3.jar;C:\Users\clps1\.m2\repository\com\github\walkyst\JAADec-fork\jaadec-ext-mp4\0.1.3\jaadec-ext-mp4-0.1.3.jar;C:\Users\clps1\.m2\repository\org\mozilla\rhino-engine\1.7.14\rhino-engine-1.7.14.jar;C:\Users\clps1\.m2\repository\org\mozilla\rhino\1.7.14\rhino-1.7.14.jar;C:\Users\clps1\.m2\repository\commons-io\commons-io\2.13.0\commons-io-2.13.0.jar;C:\Users\clps1\.m2\repository\net\iharder\base64\2.3.9\base64-2.3.9.jar;C:\Users\clps1\.m2\repository\org\json\json\20230618\json-20230618.jar;C:\Users\clps1\.m2\repository\com\jagrosh\jda-utilities-command\3.0.5\jda-utilities-command-3.0.5.jar;C:\Users\clps1\.m2\repository\com\jagrosh\jda-utilities-commons\3.0.5\jda-utilities-commons-3.0.5.jar;C:\Users\clps1\.m2\repository\com\jagrosh\jda-utilities-doc\3.0.5\jda-utilities-doc-3.0.5.jar;C:\Users\clps1\.m2\repository\com\jagrosh\jda-utilities-examples\3.0.5\jda-utilities-examples-3.0.5.jar;C:\Users\clps1\.m2\repository\com\jagrosh\jda-utilities-menu\3.0.5\jda-utilities-menu-3.0.5.jar;C:\Users\clps1\.m2\repository\com\jagrosh\jda-utilities-oauth2\3.0.5\jda-utilities-oauth2-3.0.5.jar;C:\Users\clps1\.m2\repository\com\github\jagrosh\JLyrics\01cf4ee\JLyrics-01cf4ee.jar;C:\Users\clps1\.m2\repository\ch\qos\logback\logback-classic\1.4.7\logback-classic-1.4.7.jar;C:\Users\clps1\.m2\repository\ch\qos\logback\logback-core\1.4.7\logback-core-1.4.7.jar;C:\Users\clps1\.m2\repository\com\typesafe\config\1.4.2\config-1.4.2.jar;C:\Users\clps1\.m2\repository\org\jsoup\jsoup\1.16.1\jsoup-1.16.1.jar;C:\Users\clps1\.m2\repository\junit\junit\4.13.2\junit-4.13.2.jar;C:\Users\clps1\.m2\repository\org\hamcrest\hamcrest-core\1.3\hamcrest-core-1.3.jar;C:\Users\clps1\.m2\repository\org\slf4j\slf4j-nop\2.0.5\slf4j-nop-2.0.5.jar;C:\Users\clps1\.m2\repository\org\slf4j\slf4j-api\2.0.5\slf4j-api-2.0.5.jar;"/>
    <property name="java.vm.vendor" value="Eclipse Adoptium"/>
    <property name="sun.arch.data.model" value="64"/>
    <property name="user.variant" value=""/>
    <property name="java.vendor.url" value="https://adoptium.net/"/>
    <property name="user.timezone" value="Asia/Taipei"/>
    <property name="os.name" value="Windows 11"/>
    <property name="java.vm.specification.version" value="17"/>
    <property name="sun.java.launcher" value="SUN_STANDARD"/>
    <property name="user.country" value="TW"/>
    <property name="sun.boot.library.path" value="C:\Program Files\Eclipse Adoptium\jdk-17.0.8.7-hotspot\bin"/>
    <property name="sun.java.command" value="C:\Users\clps1\AppData\Local\Temp\surefire3837663398575800290\surefirebooter-20230813213628625_3.jar C:\Users\clps1\AppData\Local\Temp\surefire3837663398575800290 2023-08-13T21-36-28_229-jvmRun1 surefire-20230813213628625_1tmp surefire_0-20230813213628625_2tmp"/>
    <property name="jdk.debug" value="release"/>
    <property name="surefire.test.class.path" value="C:\Users\clps1\Documents\Orange-Dog\target\test-classes;C:\Users\clps1\Documents\Orange-Dog\target\classes;C:\Users\clps1\.m2\repository\net\dv8tion\JDA\4.4.1_353\JDA-4.4.1_353.jar;C:\Users\clps1\.m2\repository\com\google\code\findbugs\jsr305\3.0.2\jsr305-3.0.2.jar;C:\Users\clps1\.m2\repository\org\jetbrains\annotations\16.0.1\annotations-16.0.1.jar;C:\Users\clps1\.m2\repository\com\neovisionaries\nv-websocket-client\2.14\nv-websocket-client-2.14.jar;C:\Users\clps1\.m2\repository\com\squareup\okhttp3\okhttp\3.13.0\okhttp-3.13.0.jar;C:\Users\clps1\.m2\repository\com\squareup\okio\okio\1.17.2\okio-1.17.2.jar;C:\Users\clps1\.m2\repository\club\minnced\opus-java-api\1.1.0\opus-java-api-1.1.0.jar;C:\Users\clps1\.m2\repository\net\java\dev\jna\jna\4.4.0\jna-4.4.0.jar;C:\Users\clps1\.m2\repository\club\minnced\opus-java-natives\1.1.0\opus-java-natives-1.1.0.jar;C:\Users\clps1\.m2\repository\org\apache\commons\commons-collections4\4.1\commons-collections4-4.1.jar;C:\Users\clps1\.m2\repository\net\sf\trove4j\trove4j\3.0.3\trove4j-3.0.3.jar;C:\Users\clps1\.m2\repository\com\fasterxml\jackson\core\jackson-databind\2.10.1\jackson-databind-2.10.1.jar;C:\Users\clps1\.m2\repository\com\fasterxml\jackson\core\jackson-annotations\2.10.1\jackson-annotations-2.10.1.jar;C:\Users\clps1\.m2\repository\dev\arbjerg\lavaplayer\2.0.0\lavaplayer-2.0.0.jar;C:\Users\clps1\.m2\repository\dev\arbjerg\lava-common\2.0.0\lava-common-2.0.0.jar;C:\Users\clps1\.m2\repository\org\apache\httpcomponents\httpclient\4.5.14\httpclient-4.5.14.jar;C:\Users\clps1\.m2\repository\org\apache\httpcomponents\httpcore\4.4.16\httpcore-4.4.16.jar;C:\Users\clps1\.m2\repository\commons-logging\commons-logging\1.2\commons-logging-1.2.jar;C:\Users\clps1\.m2\repository\commons-codec\commons-codec\1.11\commons-codec-1.11.jar;C:\Users\clps1\.m2\repository\com\fasterxml\jackson\core\jackson-core\2.15.2\jackson-core-2.15.2.jar;C:\Users\clps1\.m2\repository\dev\arbjerg\lavaplayer-natives\2.0.0\lavaplayer-natives-2.0.0.jar;C:\Users\clps1\.m2\repository\com\github\walkyst\JAADec-fork\0.1.3\JAADec-fork-0.1.3.jar;C:\Users\clps1\.m2\repository\com\github\walkyst\JAADec-fork\jaadec-ext-aac\0.1.3\jaadec-ext-aac-0.1.3.jar;C:\Users\clps1\.m2\repository\com\github\walkyst\JAADec-fork\jaadec-ext-mp4\0.1.3\jaadec-ext-mp4-0.1.3.jar;C:\Users\clps1\.m2\repository\org\mozilla\rhino-engine\1.7.14\rhino-engine-1.7.14.jar;C:\Users\clps1\.m2\repository\org\mozilla\rhino\1.7.14\rhino-1.7.14.jar;C:\Users\clps1\.m2\repository\commons-io\commons-io\2.13.0\commons-io-2.13.0.jar;C:\Users\clps1\.m2\repository\net\iharder\base64\2.3.9\base64-2.3.9.jar;C:\Users\clps1\.m2\repository\org\json\json\20230618\json-20230618.jar;C:\Users\clps1\.m2\repository\com\jagrosh\jda-utilities-command\3.0.5\jda-utilities-command-3.0.5.jar;C:\Users\clps1\.m2\repository\com\jagrosh\jda-utilities-commons\3.0.5\jda-utilities-commons-3.0.5.jar;C:\Users\clps1\.m2\repository\com\jagrosh\jda-utilities-doc\3.0.5\jda-utilities-doc-3.0.5.jar;C:\Users\clps1\.m2\repository\com\jagrosh\jda-utilities-examples\3.0.5\jda-utilities-examples-3.0.5.jar;C:\Users\clps1\.m2\repository\com\jagrosh\jda-utilities-menu\3.0.5\jda-utilities-menu-3.0.5.jar;C:\Users\clps1\.m2\repository\com\jagrosh\jda-utilities-oauth2\3.0.5\jda-utilities-oauth2-3.0.5.jar;C:\Users\clps1\.m2\repository\com\github\jagrosh\JLyrics\01cf4ee\JLyrics-01cf4ee.jar;C:\Users\clps1\.m2\repository\ch\qos\logback\logback-classic\1.4.7\logback-classic-1.4.7.jar;C:\Users\clps1\.m2\repository\ch\qos\logback\logback-core\1.4.7\logback-core-1.4.7.jar;C:\Users\clps1\.m2\repository\com\typesafe\config\1.4.2\config-1.4.2.jar;C:\Users\clps1\.m2\repository\org\jsoup\jsoup\1.16.1\jsoup-1.16.1.jar;C:\Users\clps1\.m2\repository\junit\junit\4.13.2\junit-4.13.2.jar;C:\Users\clps1\.m2\repository\org\hamcrest\hamcrest-core\1.3\hamcrest-core-1.3.jar;C:\Users\clps1\.m2\repository\org\slf4j\slf4j-nop\2.0.5\slf4j-nop-2.0.5.jar;C:\Users\clps1\.m2\repository\org\slf4j\slf4j-api\2.0.5\slf4j-api-2.0.5.jar;"/>
    <property name="sun.cpu.endian" value="little"/>
    <property name="user.home" value="C:\Users\clps1"/>
    <property name="user.language" value="zh"/>
    <property name="java.specification.vendor" value="Oracle Corporation"/>
    <property name="java.version.date" value="2023-07-18"/>
    <property name="java.home" value="C:\Program Files\Eclipse Adoptium\jdk-17.0.8.7-hotspot"/>
    <property name="file.separator" value="\"/>
    <property name="basedir" value="C:\Users\clps1\Documents\Orange-Dog"/>
    <property name="java.vm.compressedOopsMode" value="Zero based"/>
    <property name="line.separator" value="&#10;"/>
    <property name="java.vm.specification.vendor" value="Oracle Corporation"/>
    <property name="java.specification.name" value="Java Platform API Specification"/>
    <property name="surefire.real.class.path" value="C:\Users\clps1\AppData\Local\Temp\surefire3837663398575800290\surefirebooter-20230813213628625_3.jar"/>
    <property name="user.script" value=""/>
    <property name="sun.management.compiler" value="HotSpot 64-Bit Tiered Compilers"/>
    <property name="java.runtime.version" value="17.0.8+7"/>
    <property name="user.name" value="Maoyue"/>
    <property name="path.separator" value=";"/>
    <property name="os.version" value="10.0"/>
    <property name="java.runtime.name" value="OpenJDK Runtime Environment"/>
    <property name="file.encoding" value="MS950"/>
    <property name="java.vm.name" value="OpenJDK 64-Bit Server VM"/>
    <property name="java.vendor.version" value="Temurin-17.0.8+7"/>
    <property name="localRepository" value="C:\Users\clps1\.m2\repository"/>
    <property name="java.vendor.url.bug" value="https://github.com/adoptium/adoptium-support/issues"/>
    <property name="java.io.tmpdir" value="C:\Users\clps1\AppData\Local\Temp\"/>
    <property name="idea.version" value="2023.2"/>
    <property name="java.version" value="17.0.8"/>
    <property name="user.dir" value="C:\Users\clps1\Documents\Orange-Dog"/>
    <property name="os.arch" value="amd64"/>
    <property name="java.vm.specification.name" value="Java Virtual Machine Specification"/>
    <property name="sun.os.patch.level" value=""/>
    <property name="native.encoding" value="MS950"/>
    <property name="java.library.path" value="C:\Program Files\Eclipse Adoptium\jdk-17.0.8.7-hotspot\bin;C:\WINDOWS\Sun\Java\bin;C:\WINDOWS\system32;C:\WINDOWS;C:\Program Files\Eclipse Adoptium\jdk-17.0.8.7-hotspot\bin;C:\Program Files (x86)\VMware\VMware Workstation\bin\;C:\WINDOWS\system32;C:\WINDOWS;C:\WINDOWS\System32\Wbem;C:\WINDOWS\System32\WindowsPowerShell\v1.0\;C:\WINDOWS\System32\OpenSSH\;C:\Program Files (x86)\NVIDIA Corporation\PhysX\Common;C:\Program Files\NVIDIA Corporation\NVIDIA NvDLISR;C:\Program Files\Git\cmd;C:\Program Files\Bandizip\;C:\Program Files\nodejs\;C:\ProgramData\chocolatey\bin;C:\Program Files\Bandizip\Bandizip;C:\Program Files\PuTTY\;C:\Program Files\dotnet\;C:\Program Files\Go\bin;C:\Program Files\Cloudflare\Cloudflare WARP\;C:\Program Files\PowerShell\7\;C:\Python311\Scripts\;C:\Python311\;C:\Users\clps1\AppData\Local\Programs\Python\Launcher\;C:\Users\clps1\AppData\Local\Programs\Python\Python311\Scripts\;C:\Users\clps1\AppData\Local\Programs\Python\Python311\;C:\Users\clps1\AppData\Local\Microsoft\WindowsApps;C:\Users\clps1\AppData\Local\Programs\Microsoft VS Code\bin;C:\Program Files\JetBrains\IntelliJ IDEA Community Edition 2023.1.3\bin;C:\Users\clps1\AppData\Roaming\npm;C:\Program Files (x86)\Nmap;C:\Users\clps1\AppData\Local\GitHubDesktop\bin;C:\Users\clps1\go\bin;C:\Users\clps1\AppData\Local\JetBrains\Toolbox\scripts;;%USERPROFILE%\AppData\Local\Microsoft\WindowsApps;."/>
    <property name="java.vm.info" value="mixed mode, sharing"/>
    <property name="java.vendor" value="Eclipse Adoptium"/>
    <property name="java.vm.version" value="17.0.8+7"/>
    <property name="sun.io.unicode.encoding" value="UnicodeLittle"/>
    <property name="java.class.version" value="61.0"/>
  </properties>
  <testcase name="sameIdentifierSize" classname="com.jagrosh.jmusicbot.FairQueueTest" time="0.006"/>
  <testcase name="differentIdentifierSize" classname="com.jagrosh.jmusicbot.FairQueueTest" time="0.001"/>
</testsuite>